<?xml version="1.0" encoding="UTF-8"?>
<!-- Generated by org.testng.reporters.JUnitReportReporter -->
<testsuite hostname="LQA-KHURRAMMUSLIM" failures="0" tests="1" name="tests.CountryTestSA" time="3.851" errors="0" timestamp="2022-12-20T19:53:14 PKT" skipped="0">
  <testcase classname="tests.CountryTestSA" name="Test1" time="3.851"/>
  <system-out/>
</testsuite> <!-- tests.CountryTestSA -->
