<?xml version="1.0" encoding="UTF-8"?>
<!-- Generated by org.testng.reporters.JUnitReportReporter -->
<testsuite hostname="LQA-KHURRAMMUSLIM" failures="0" tests="1" name="tests.CountryTestKW" time="12.156" errors="0" timestamp="2022-12-20T19:53:14 PKT" skipped="0">
  <testcase classname="tests.CountryTestKW" name="Test3" time="12.156"/>
  <system-out/>
</testsuite> <!-- tests.CountryTestKW -->
