<?xml version="1.0" encoding="UTF-8"?>
<!-- Generated by org.testng.reporters.JUnitReportReporter -->
<testsuite hostname="LQA-KHURRAMMUSLIM" failures="0" tests="1" name="tests.TestExecutionMobile" time="0.176" errors="0" timestamp="2022-08-23T14:58:33 PKT" skipped="0">
  <testcase classname="tests.TestExecutionMobile" name="sampletest" time="0.176"/>
  <system-out/>
</testsuite> <!-- tests.TestExecutionMobile -->
