<?xml version="1.0" encoding="UTF-8"?>
<!-- Generated by org.testng.reporters.JUnitReportReporter -->
<testsuite hostname="LQA-KHURRAMMUSLIM" failures="0" tests="1" name="tests.CountryTestBH" time="6.149" errors="0" timestamp="2022-12-20T19:53:14 PKT" skipped="0">
  <testcase classname="tests.CountryTestBH" name="Test2" time="6.149"/>
  <system-out/>
</testsuite> <!-- tests.CountryTestBH -->
