<?xml version="1.0" encoding="UTF-8"?>
<!-- Generated by org.testng.reporters.JUnitReportReporter -->
<testsuite hostname="LQA-KHURRAMMUSLIM" failures="0" tests="1" name="tests.TestExecution" time="33.225" errors="0" timestamp="2022-08-07T20:32:55 PKT" skipped="0">
  <testcase classname="tests.TestExecution" name="WebTest" time="33.225"/>
  <system-out/>
</testsuite> <!-- tests.TestExecution -->
